<?xml version="1.0" encoding="UTF-8"?>
<testsuite name="kr.ac.jejunu.UserDaoTests" tests="4" skipped="0" failures="0" errors="0" timestamp="2021-04-02T09:23:38" hostname="DESKTOP-V5LSN68" time="0.426">
  <properties/>
  <testcase name="delete()" classname="kr.ac.jejunu.UserDaoTests" time="0.33"/>
  <testcase name="insert()" classname="kr.ac.jejunu.UserDaoTests" time="0.042"/>
  <testcase name="update()" classname="kr.ac.jejunu.UserDaoTests" time="0.042"/>
  <testcase name="get()" classname="kr.ac.jejunu.UserDaoTests" time="0.011"/>
  <system-out><![CDATA[]]></system-out>
  <system-err><![CDATA[]]></system-err>
</testsuite>
