<?xml version="1.0" encoding="UTF-8"?>
<testsuite name="kr.ac.jejunu.UserDaoTests" tests="4" skipped="0" failures="0" errors="0" timestamp="2021-04-22T12:37:43" hostname="DESKTOP-DSC0IH7" time="0.45">
  <properties/>
  <testcase name="delete()" classname="kr.ac.jejunu.UserDaoTests" time="0.349"/>
  <testcase name="insert()" classname="kr.ac.jejunu.UserDaoTests" time="0.037"/>
  <testcase name="update()" classname="kr.ac.jejunu.UserDaoTests" time="0.047"/>
  <testcase name="Get()" classname="kr.ac.jejunu.UserDaoTests" time="0.015"/>
  <system-out><![CDATA[]]></system-out>
  <system-err><![CDATA[]]></system-err>
</testsuite>
