<?xml version="1.0" encoding="UTF-8"?>
<testsuite name="kr.ac.jejunu.UserDaoTests" tests="4" skipped="0" failures="0" errors="0" timestamp="2021-04-22T14:48:53" hostname="DESKTOP-DSC0IH7" time="0.424">
  <properties/>
  <testcase name="delete()" classname="kr.ac.jejunu.UserDaoTests" time="0.33"/>
  <testcase name="insert()" classname="kr.ac.jejunu.UserDaoTests" time="0.033"/>
  <testcase name="update()" classname="kr.ac.jejunu.UserDaoTests" time="0.045"/>
  <testcase name="Get()" classname="kr.ac.jejunu.UserDaoTests" time="0.015"/>
  <system-out><![CDATA[]]></system-out>
  <system-err><![CDATA[]]></system-err>
</testsuite>
