<?xml version="1.0" encoding="UTF-8"?>
<testsuite name="kr.ac.jejunu.UserDaoTests" tests="3" skipped="0" failures="0" errors="0" timestamp="2021-04-22T16:53:21" hostname="DESKTOP-DSC0IH7" time="0.38">
  <properties/>
  <testcase name="halla_Get()" classname="kr.ac.jejunu.UserDaoTests" time="0.321"/>
  <testcase name="insert()" classname="kr.ac.jejunu.UserDaoTests" time="0.041"/>
  <testcase name="Get()" classname="kr.ac.jejunu.UserDaoTests" time="0.017"/>
  <system-out><![CDATA[]]></system-out>
  <system-err><![CDATA[]]></system-err>
</testsuite>
