<?xml version="1.0" encoding="UTF-8"?>
<testsuite name="kr.ac.jejunu.UserDaoTests" tests="4" skipped="0" failures="0" errors="0" timestamp="2021-05-28T06:27:12" hostname="DESKTOP-V5LSN68" time="0.594">
  <properties/>
  <testcase name="delete()" classname="kr.ac.jejunu.UserDaoTests" time="0.485"/>
  <testcase name="insert()" classname="kr.ac.jejunu.UserDaoTests" time="0.04"/>
  <testcase name="update()" classname="kr.ac.jejunu.UserDaoTests" time="0.053"/>
  <testcase name="get()" classname="kr.ac.jejunu.UserDaoTests" time="0.014"/>
  <system-out><![CDATA[]]></system-out>
  <system-err><![CDATA[]]></system-err>
</testsuite>
