<?xml version="1.0" encoding="UTF-8"?>
<testsuite name="kr.ac.jejunu.UserDaoTests" tests="4" skipped="0" failures="0" errors="0" timestamp="2021-05-28T06:31:35" hostname="LAPTOP-0ABEUUTE" time="0.667">
  <properties/>
  <testcase name="delete()" classname="kr.ac.jejunu.UserDaoTests" time="0.509"/>
  <testcase name="insert()" classname="kr.ac.jejunu.UserDaoTests" time="0.053"/>
  <testcase name="update()" classname="kr.ac.jejunu.UserDaoTests" time="0.074"/>
  <testcase name="get()" classname="kr.ac.jejunu.UserDaoTests" time="0.028"/>
  <system-out><![CDATA[]]></system-out>
  <system-err><![CDATA[]]></system-err>
</testsuite>
