<?xml version="1.0" encoding="UTF-8"?>
<testsuite name="kr.ac.jejunu.UserDaoTests" tests="4" skipped="0" failures="0" errors="0" timestamp="2021-04-09T09:46:33" hostname="DESKTOP-V5LSN68" time="0.495">
  <properties/>
  <testcase name="delete()" classname="kr.ac.jejunu.UserDaoTests" time="0.388"/>
  <testcase name="insert()" classname="kr.ac.jejunu.UserDaoTests" time="0.041"/>
  <testcase name="update()" classname="kr.ac.jejunu.UserDaoTests" time="0.049"/>
  <testcase name="get()" classname="kr.ac.jejunu.UserDaoTests" time="0.015"/>
  <system-out><![CDATA[]]></system-out>
  <system-err><![CDATA[]]></system-err>
</testsuite>
