<?xml version="1.0" encoding="UTF-8"?>
<testsuite name="kr.ac.jejunu.UserDaoTests" tests="4" skipped="0" failures="0" errors="0" timestamp="2021-04-22T13:25:13" hostname="DESKTOP-DSC0IH7" time="0.46">
  <properties/>
  <testcase name="delete()" classname="kr.ac.jejunu.UserDaoTests" time="0.356"/>
  <testcase name="insert()" classname="kr.ac.jejunu.UserDaoTests" time="0.041"/>
  <testcase name="update()" classname="kr.ac.jejunu.UserDaoTests" time="0.046"/>
  <testcase name="Get()" classname="kr.ac.jejunu.UserDaoTests" time="0.015"/>
  <system-out><![CDATA[]]></system-out>
  <system-err><![CDATA[]]></system-err>
</testsuite>
