<?xml version="1.0" encoding="UTF-8"?>
<testsuite name="kr.ac.jejunu.UserDaoTests" tests="2" skipped="0" failures="0" errors="0" timestamp="2021-04-22T04:45:58" hostname="DESKTOP-DSC0IH7" time="0.349">
  <properties/>
  <testcase name="testGet()" classname="kr.ac.jejunu.UserDaoTests" time="0.311"/>
  <testcase name="insert()" classname="kr.ac.jejunu.UserDaoTests" time="0.038"/>
  <system-out><![CDATA[]]></system-out>
  <system-err><![CDATA[]]></system-err>
</testsuite>
