<?xml version="1.0" encoding="UTF-8"?>
<testsuite name="kr.ac.jejunu.UserDaoTests" tests="4" skipped="0" failures="0" errors="0" timestamp="2021-04-22T16:18:11" hostname="DESKTOP-DSC0IH7" time="0.402">
  <properties/>
  <testcase name="insert()" classname="kr.ac.jejunu.UserDaoTests" time="0.331"/>
  <testcase name="Halla_insert()" classname="kr.ac.jejunu.UserDaoTests" time="0.035"/>
  <testcase name="Get()" classname="kr.ac.jejunu.UserDaoTests" time="0.019"/>
  <testcase name="Halla_Get()" classname="kr.ac.jejunu.UserDaoTests" time="0.015"/>
  <system-out><![CDATA[]]></system-out>
  <system-err><![CDATA[]]></system-err>
</testsuite>
