<?xml version="1.0" encoding="UTF-8"?>
<testsuite name="kr.ac.jejunu.UserDaoTests" tests="4" skipped="0" failures="0" errors="0" timestamp="2021-04-22T11:39:18" hostname="DESKTOP-DSC0IH7" time="0.452">
  <properties/>
  <testcase name="delete()" classname="kr.ac.jejunu.UserDaoTests" time="0.353"/>
  <testcase name="insert()" classname="kr.ac.jejunu.UserDaoTests" time="0.036"/>
  <testcase name="update()" classname="kr.ac.jejunu.UserDaoTests" time="0.044"/>
  <testcase name="Get()" classname="kr.ac.jejunu.UserDaoTests" time="0.016"/>
  <system-out><![CDATA[]]></system-out>
  <system-err><![CDATA[]]></system-err>
</testsuite>
